app/build/intermediates/manifest_merge_blame_file/debug/processDebugMainManifest/manifest-merger-blame-debug-report.txt
1<?xml version="1.0" encoding="utf-8"?>
2<manifest xmlns:android="http://schemas.android.com/apk/res/android"
3    package="com.cti.cinetvin"
4    android:compileSdkVersion="35"
5    android:compileSdkVersionCodename="15"
6    android:platformBuildVersionCode="35"
7    android:platformBuildVersionName="15"
8    android:versionCode="30000"
9    android:versionName="Vip" >
10
11    <uses-sdk
11-->src/main/AndroidManifest.xml:11:5-13:40
12        android:minSdkVersion="24"
12-->src/main/AndroidManifest.xml:12:9-35
13        android:targetSdkVersion="33" />
13-->src/main/AndroidManifest.xml:13:9-38
14
15    <uses-permission android:name="android.permission.ACCESS_NETWORK_STATE" />
15-->src/main/AndroidManifest.xml:14:5-78
15-->src/main/AndroidManifest.xml:14:22-76
16    <uses-permission android:name="android.permission.CHANGE_NETWORK_STATE" />
16-->src/main/AndroidManifest.xml:15:5-78
16-->src/main/AndroidManifest.xml:15:22-76
17    <uses-permission android:name="android.permission.INTERNET" />
17-->src/main/AndroidManifest.xml:16:5-66
17-->src/main/AndroidManifest.xml:16:22-64
18    <uses-permission android:name="android.permission.CHANGE_WIFI_STATE" />
18-->src/main/AndroidManifest.xml:17:5-75
18-->src/main/AndroidManifest.xml:17:22-73
19    <uses-permission android:name="android.permission.ACCESS_WIFI_STATE" />
19-->src/main/AndroidManifest.xml:18:5-75
19-->src/main/AndroidManifest.xml:18:22-73
20    <uses-permission android:name="android.permission.CHANGE_WIFI_MULTICAST_STATE" />
20-->src/main/AndroidManifest.xml:19:5-85
20-->src/main/AndroidManifest.xml:19:22-83
21    <uses-permission android:name="android.permission.READ_PHONE_STATE" />
21-->src/main/AndroidManifest.xml:20:5-74
21-->src/main/AndroidManifest.xml:20:22-72
22    <uses-permission android:name="android.permission.READ_EXTERNAL_STORAGE" />
22-->src/main/AndroidManifest.xml:21:5-79
22-->src/main/AndroidManifest.xml:21:22-77
23    <uses-permission android:name="android.permission.WRITE_EXTERNAL_STORAGE" />
23-->src/main/AndroidManifest.xml:22:5-80
23-->src/main/AndroidManifest.xml:22:22-78
24    <uses-permission android:name="com.google.android.gms.permission.AD_ID" />
24-->src/main/AndroidManifest.xml:23:5-78
24-->src/main/AndroidManifest.xml:23:22-76
25    <uses-permission android:name="android.permission.READ_MEDIA_IMAGES" />
25-->src/main/AndroidManifest.xml:24:5-75
25-->src/main/AndroidManifest.xml:24:22-73
26    <uses-permission android:name="android.permission.READ_MEDIA_AUDIO" />
26-->src/main/AndroidManifest.xml:25:5-74
26-->src/main/AndroidManifest.xml:25:22-72
27    <uses-permission android:name="android.permission.READ_MEDIA_VIDEO" />
27-->src/main/AndroidManifest.xml:26:5-74
27-->src/main/AndroidManifest.xml:26:22-72
28    <uses-permission android:name="android.permission.CAMERA" />
28-->src/main/AndroidManifest.xml:27:5-64
28-->src/main/AndroidManifest.xml:27:22-62
29    <uses-permission android:name="android.permission.MOUNT_UNMOUNT_FILESYSTEMS" />
29-->src/main/AndroidManifest.xml:28:5-83
29-->src/main/AndroidManifest.xml:28:22-81
30    <uses-permission android:name="android.permission.RECORD_AUDIO" />
30-->src/main/AndroidManifest.xml:29:5-70
30-->src/main/AndroidManifest.xml:29:22-68
31    <uses-permission android:name="android.permission.VIBRATE" />
31-->src/main/AndroidManifest.xml:30:5-65
31-->src/main/AndroidManifest.xml:30:22-63
32    <uses-permission android:name="android.permission.FOREGROUND_SERVICE" />
32-->src/main/AndroidManifest.xml:31:5-76
32-->src/main/AndroidManifest.xml:31:22-74
33    <uses-permission android:name="android.permission.READ_LOGS" />
33-->src/main/AndroidManifest.xml:32:5-67
33-->src/main/AndroidManifest.xml:32:22-65
34    <uses-permission android:name="android.permission.WRITE_APN_SETTINGS" />
34-->src/main/AndroidManifest.xml:33:5-34:47
34-->src/main/AndroidManifest.xml:33:22-74
35    <uses-permission android:name="android.permission.CONTROL_DISPLAY_BRIGHTNESS" />
35-->src/main/AndroidManifest.xml:35:5-36:47
35-->src/main/AndroidManifest.xml:35:22-82
36    <uses-permission android:name="android.permission.WAKE_LOCK" />
36-->src/main/AndroidManifest.xml:37:5-67
36-->src/main/AndroidManifest.xml:37:22-65
37    <uses-permission android:name="android.permission.SYSTEM_ALERT_WINDOW" />
37-->src/main/AndroidManifest.xml:38:5-77
37-->src/main/AndroidManifest.xml:38:22-75
38    <uses-permission android:name="android.permission.GET_TASKS" />
38-->src/main/AndroidManifest.xml:39:5-67
38-->src/main/AndroidManifest.xml:39:22-65
39    <uses-permission android:name="android.permission.SYSTEM_OVERLAY_WINDOW" />
39-->src/main/AndroidManifest.xml:40:5-79
39-->src/main/AndroidManifest.xml:40:22-77
40    <uses-permission android:name="android.permission.REQUEST_INSTALL_PACKAGES" />
40-->src/main/AndroidManifest.xml:41:5-82
40-->src/main/AndroidManifest.xml:41:22-80
41
42    <queries package="com.cti.cinetvin" >
42-->src/main/AndroidManifest.xml:42:5-86:15
42-->src/main/AndroidManifest.xml:42:14-40
43        <intent>
43-->src/main/AndroidManifest.xml:43:9-45:18
44            <action android:name="android.media.action.IMAGE_CAPTURE" />
44-->src/main/AndroidManifest.xml:44:13-72
44-->src/main/AndroidManifest.xml:44:21-70
45        </intent>
46        <intent>
46-->src/main/AndroidManifest.xml:46:9-48:18
47            <action android:name="android.media.action.ACTION_VIDEO_CAPTURE" />
47-->src/main/AndroidManifest.xml:47:13-79
47-->src/main/AndroidManifest.xml:47:21-77
48        </intent>
49        <intent>
49-->src/main/AndroidManifest.xml:49:9-51:18
50            <action android:name="androidx.browser.customtabs.CustomTabsService" />
50-->src/main/AndroidManifest.xml:50:13-83
50-->src/main/AndroidManifest.xml:50:21-81
51        </intent>
52        <intent>
52-->src/main/AndroidManifest.xml:52:9-56:18
53            <action android:name="android.intent.action.VIEW" />
53-->src/main/AndroidManifest.xml:53:13-64
53-->src/main/AndroidManifest.xml:53:21-62
54
55            <category android:name="android.intent.category.BROWSABLE" />
55-->src/main/AndroidManifest.xml:54:13-73
55-->src/main/AndroidManifest.xml:54:23-71
56
57            <data android:scheme="https" />
57-->src/main/AndroidManifest.xml:55:13-43
57-->src/main/AndroidManifest.xml:55:19-41
58        </intent>
59        <intent>
59-->src/main/AndroidManifest.xml:57:9-61:18
60            <action android:name="android.intent.action.VIEW" />
60-->src/main/AndroidManifest.xml:53:13-64
60-->src/main/AndroidManifest.xml:53:21-62
61
62            <category android:name="android.intent.category.BROWSABLE" />
62-->src/main/AndroidManifest.xml:54:13-73
62-->src/main/AndroidManifest.xml:54:23-71
63
64            <data android:scheme="http" />
64-->src/main/AndroidManifest.xml:55:13-43
64-->src/main/AndroidManifest.xml:55:19-41
65        </intent>
66        <intent>
66-->src/main/AndroidManifest.xml:62:9-65:18
67            <action android:name="android.intent.action.VIEW" />
67-->src/main/AndroidManifest.xml:53:13-64
67-->src/main/AndroidManifest.xml:53:21-62
68
69            <data android:scheme="market" />
69-->src/main/AndroidManifest.xml:55:13-43
69-->src/main/AndroidManifest.xml:55:19-41
70        </intent>
71
72        <package android:name="com.android.chrome" />
72-->src/main/AndroidManifest.xml:66:9-53
72-->src/main/AndroidManifest.xml:66:18-51
73        <package android:name="com.google.android.webview" />
73-->src/main/AndroidManifest.xml:67:9-61
73-->src/main/AndroidManifest.xml:67:18-59
74        <package android:name="com.android.webview" />
74-->src/main/AndroidManifest.xml:68:9-54
74-->src/main/AndroidManifest.xml:68:18-52
75        <package android:name="com.android.vending" />
75-->src/main/AndroidManifest.xml:69:9-54
75-->src/main/AndroidManifest.xml:69:18-52
76        <package android:name="com.facebook.katana" />
76-->src/main/AndroidManifest.xml:70:9-54
76-->src/main/AndroidManifest.xml:70:18-52
77
78        <intent>
78-->src/main/AndroidManifest.xml:71:9-73:18
79            <action android:name="com.applovin.am.intent.action.APPHUB_SERVICE" />
79-->src/main/AndroidManifest.xml:72:13-82
79-->src/main/AndroidManifest.xml:72:21-80
80        </intent>
81        <intent>
81-->src/main/AndroidManifest.xml:74:9-76:18
82            <action android:name="android.support.customtabs.action.CustomTabsService" />
82-->src/main/AndroidManifest.xml:75:13-89
82-->src/main/AndroidManifest.xml:75:21-87
83        </intent>
84        <intent>
84-->src/main/AndroidManifest.xml:77:9-79:18
85            <action android:name="android.intent.action.MAIN" />
85-->src/main/AndroidManifest.xml:78:13-64
85-->src/main/AndroidManifest.xml:78:21-62
86        </intent>
87        <intent>
87-->src/main/AndroidManifest.xml:80:9-82:18
88            <action android:name="android.intent.action.VIEW" />
88-->src/main/AndroidManifest.xml:53:13-64
88-->src/main/AndroidManifest.xml:53:21-62
89        </intent>
90        <intent>
90-->src/main/AndroidManifest.xml:83:9-85:18
91            <action android:name="com.digitalturbine.ignite.cl.IgniteRemoteService" />
91-->src/main/AndroidManifest.xml:84:13-86
91-->src/main/AndroidManifest.xml:84:21-84
92        </intent>
93    </queries>
94
95    <uses-permission android:name="android.permission.RECEIVE_BOOT_COMPLETED" />
95-->src/main/AndroidManifest.xml:87:5-80
95-->src/main/AndroidManifest.xml:87:22-78
96    <uses-permission android:name="android.permission.FLASHLIGHT" />
96-->src/main/AndroidManifest.xml:88:5-68
96-->src/main/AndroidManifest.xml:88:22-66
97
98    <uses-feature android:name="android.hardware.camera" />
98-->src/main/AndroidManifest.xml:89:5-59
98-->src/main/AndroidManifest.xml:89:19-57
99    <uses-feature android:name="android.hardware.camera.autofocus" />
99-->src/main/AndroidManifest.xml:90:5-69
99-->src/main/AndroidManifest.xml:90:19-67
100    <uses-feature
100-->src/main/AndroidManifest.xml:91:5-93:36
101        android:name="android.hardware.telephony"
101-->src/main/AndroidManifest.xml:92:9-50
102        android:required="false" />
102-->src/main/AndroidManifest.xml:93:9-33
103
104    <uses-permission android:name="android.permission.ACCESS_ADSERVICES_TOPICS" />
104-->src/main/AndroidManifest.xml:95:5-82
104-->src/main/AndroidManifest.xml:95:22-80
105    <uses-permission android:name="android.permission.ACCESS_ADSERVICES_ATTRIBUTION" />
105-->src/main/AndroidManifest.xml:96:5-87
105-->src/main/AndroidManifest.xml:96:22-85
106    <uses-permission android:name="com.applovin.array.apphub.permission.BIND_APPHUB_SERVICE" />
106-->src/main/AndroidManifest.xml:97:5-95
106-->src/main/AndroidManifest.xml:97:22-93
107    <uses-permission android:name="android.permission.ACCESS_ADSERVICES_AD_ID" />
107-->src/main/AndroidManifest.xml:98:5-81
107-->src/main/AndroidManifest.xml:98:22-79
108
109    <permission
109-->src/main/AndroidManifest.xml:99:5-101:46
110        android:name="com.cti.cinetvin.DYNAMIC_RECEIVER_NOT_EXPORTED_PERMISSION"
110-->src/main/AndroidManifest.xml:100:9-81
111        android:protectionLevel="signature" />
111-->src/main/AndroidManifest.xml:101:9-44
112
113    <uses-permission android:name="com.cti.cinetvin.DYNAMIC_RECEIVER_NOT_EXPORTED_PERMISSION" />
113-->src/main/AndroidManifest.xml:102:5-96
113-->src/main/AndroidManifest.xml:102:22-94
114    <uses-permission android:name="com.google.android.finsky.permission.BIND_GET_INSTALL_REFERRER_SERVICE" />
114-->src/main/AndroidManifest.xml:103:5-109
114-->src/main/AndroidManifest.xml:103:22-107
115
116    <application
116-->src/main/AndroidManifest.xml:104:5-969:19
117        android:name="com.stub.StubApp"
117-->src/main/AndroidManifest.xml:108:9-40
118        android:allowBackup="true"
118-->src/main/AndroidManifest.xml:110:9-35
119        android:appComponentFactory="androidx.core.app.CoreComponentFactory"
119-->src/main/AndroidManifest.xml:118:9-77
120        android:debuggable="true"
121        android:extractNativeLibs="true"
121-->src/main/AndroidManifest.xml:114:9-41
122        android:hardwareAccelerated="true"
122-->src/main/AndroidManifest.xml:111:9-43
123        android:icon="@mipmap/ic_launcher"
123-->src/main/AndroidManifest.xml:107:9-43
124        android:label="@string/app_name"
124-->src/main/AndroidManifest.xml:106:9-41
125        android:largeHeap="true"
125-->src/main/AndroidManifest.xml:112:9-33
126        android:networkSecurityConfig="@xml/network_security_config"
126-->src/main/AndroidManifest.xml:116:9-69
127        android:requestLegacyExternalStorage="true"
127-->src/main/AndroidManifest.xml:119:9-52
128        android:roundIcon="@mipmap/ic_launcher_round"
128-->src/main/AndroidManifest.xml:117:9-54
129        android:supportsRtl="true"
129-->src/main/AndroidManifest.xml:113:9-35
130        android:testOnly="false"
130-->src/main/AndroidManifest.xml:109:9-33
131        android:theme="@style/BrowserTheme"
131-->src/main/AndroidManifest.xml:105:9-44
132        android:usesCleartextTraffic="true" >
132-->src/main/AndroidManifest.xml:115:9-44
133        <meta-data
133-->src/main/AndroidManifest.xml:120:9-122:44
134            android:name="UMENG_CHANNEL"
134-->src/main/AndroidManifest.xml:121:13-41
135            android:value="cinetvin_3001" />
135-->src/main/AndroidManifest.xml:122:13-42
136        <meta-data
136-->src/main/AndroidManifest.xml:123:9-125:69
137            android:name="com.google.android.gms.ads.APPLICATION_ID"
137-->src/main/AndroidManifest.xml:124:13-69
138            android:value="ca-app-pub-9304934124802516~2645984250" />
138-->src/main/AndroidManifest.xml:125:13-67
139        <meta-data
139-->src/main/AndroidManifest.xml:126:9-128:54
140            android:name="com.facebook.sdk.ApplicationId"
140-->src/main/AndroidManifest.xml:127:13-58
141            android:value="@string/facebook_app_id" />
141-->src/main/AndroidManifest.xml:128:13-52
142        <meta-data
142-->src/main/AndroidManifest.xml:129:9-131:60
143            android:name="com.facebook.sdk.ClientToken"
143-->src/main/AndroidManifest.xml:130:13-56
144            android:value="@string/facebook_client_token" />
144-->src/main/AndroidManifest.xml:131:13-58
145
146        <service
146-->src/main/AndroidManifest.xml:132:9-134:39
147            android:name="com.mgs.carparking.download.DownloadService"
147-->src/main/AndroidManifest.xml:133:13-71
148            android:exported="false" />
148-->src/main/AndroidManifest.xml:134:13-37
149
150        <provider
150-->src/main/AndroidManifest.xml:135:9-143:20
151            android:name="com.mgs.carparking.util.MyProvider"
151-->src/main/AndroidManifest.xml:136:13-62
152            android:authorities="com.cti.cinetvin.fileProvider"
152-->src/main/AndroidManifest.xml:138:13-64
153            android:exported="false"
153-->src/main/AndroidManifest.xml:137:13-37
154            android:grantUriPermissions="true" >
154-->src/main/AndroidManifest.xml:139:13-47
155            <meta-data
155-->src/main/AndroidManifest.xml:140:13-142:53
156                android:name="android.support.FILE_PROVIDER_PATHS"
156-->src/main/AndroidManifest.xml:141:17-67
157                android:resource="@xml/file_paths" />
157-->src/main/AndroidManifest.xml:142:17-51
158        </provider>
159
160        <uses-library
160-->src/main/AndroidManifest.xml:144:9-146:39
161            android:name="org.apache.http.legacy"
161-->src/main/AndroidManifest.xml:145:13-50
162            android:required="false" />
162-->src/main/AndroidManifest.xml:146:13-37
163
164        <service
164-->src/main/AndroidManifest.xml:147:9-149:39
165            android:name="com.mgs.carparking.androidupnp.ClingUpnpService"
165-->src/main/AndroidManifest.xml:148:13-75
166            android:exported="false" />
166-->src/main/AndroidManifest.xml:149:13-37
167        <service
167-->src/main/AndroidManifest.xml:150:9-152:39
168            android:name="com.mgs.carparking.androidupnp.SystemService"
168-->src/main/AndroidManifest.xml:151:13-72
169            android:exported="false" />
169-->src/main/AndroidManifest.xml:152:13-37
170
171        <activity
171-->src/main/AndroidManifest.xml:153:9-162:20
172            android:name="com.mgs.carparking.ui.SplashActivity"
172-->src/main/AndroidManifest.xml:155:13-64
173            android:alwaysRetainTaskState="true"
173-->src/main/AndroidManifest.xml:157:13-49
174            android:exported="true"
174-->src/main/AndroidManifest.xml:156:13-36
175            android:theme="@style/AppTheme_Splash" >
175-->src/main/AndroidManifest.xml:154:13-51
176            <intent-filter>
176-->src/main/AndroidManifest.xml:158:13-161:29
177                <action android:name="android.intent.action.MAIN" />
177-->src/main/AndroidManifest.xml:78:13-64
177-->src/main/AndroidManifest.xml:78:21-62
178
179                <category android:name="android.intent.category.LAUNCHER" />
179-->src/main/AndroidManifest.xml:160:17-76
179-->src/main/AndroidManifest.xml:160:27-74
180            </intent-filter>
181        </activity>
182        <activity
182-->src/main/AndroidManifest.xml:163:9-167:51
183            android:name="com.mgs.carparking.ui.MainActivity"
183-->src/main/AndroidManifest.xml:164:13-62
184            android:exported="true"
184-->src/main/AndroidManifest.xml:165:13-36
185            android:launchMode="singleTask"
185-->src/main/AndroidManifest.xml:166:13-44
186            android:screenOrientation="portrait" />
186-->src/main/AndroidManifest.xml:167:13-49
187        <activity
187-->src/main/AndroidManifest.xml:168:9-172:46
188            android:name="com.mgs.carparking.ui.CollectionActivity"
188-->src/main/AndroidManifest.xml:170:13-68
189            android:exported="true"
189-->src/main/AndroidManifest.xml:171:13-36
190            android:launchMode="singleTask"
190-->src/main/AndroidManifest.xml:172:13-44
191            android:theme="@style/AppTheme_Main" />
191-->src/main/AndroidManifest.xml:169:13-49
192        <activity
192-->src/main/AndroidManifest.xml:173:9-176:108
193            android:name="com.mgs.carparking.ui.VideoPlayDetailActivity"
193-->src/main/AndroidManifest.xml:174:13-73
194            android:configChanges="smallestScreenSize|screenSize|screenLayout|orientation|keyboardHidden"
194-->src/main/AndroidManifest.xml:176:13-106
195            android:screenOrientation="portrait" />
195-->src/main/AndroidManifest.xml:175:13-49
196        <activity
196-->src/main/AndroidManifest.xml:177:9-180:58
197            android:name="com.mgs.carparking.ui.SearchContentVideoActivity"
197-->src/main/AndroidManifest.xml:178:13-76
198            android:screenOrientation="portrait"
198-->src/main/AndroidManifest.xml:179:13-49
199            android:windowSoftInputMode="adjustNothing" />
199-->src/main/AndroidManifest.xml:180:13-56
200        <activity
200-->src/main/AndroidManifest.xml:181:9-183:51
201            android:name="com.mgs.carparking.ui.HistoryActivity"
201-->src/main/AndroidManifest.xml:182:13-65
202            android:screenOrientation="portrait" />
202-->src/main/AndroidManifest.xml:183:13-49
203        <activity
203-->src/main/AndroidManifest.xml:184:9-186:108
204            android:name="com.mgs.carparking.ui.DownloadVideoPlayActivity"
204-->src/main/AndroidManifest.xml:185:13-75
205            android:configChanges="smallestScreenSize|screenSize|screenLayout|orientation|keyboardHidden" />
205-->src/main/AndroidManifest.xml:186:13-106
206        <activity
206-->src/main/AndroidManifest.xml:187:9-189:51
207            android:name="com.mgs.carparking.ui.DownloadCompleteSecondActivity"
207-->src/main/AndroidManifest.xml:188:13-80
208            android:screenOrientation="portrait" />
208-->src/main/AndroidManifest.xml:189:13-49
209        <activity
209-->src/main/AndroidManifest.xml:190:9-193:69
210            android:name="com.mgs.carparking.ui.FeedbackActivity"
210-->src/main/AndroidManifest.xml:191:13-66
211            android:screenOrientation="portrait"
211-->src/main/AndroidManifest.xml:192:13-49
212            android:windowSoftInputMode="adjustResize|stateHidden" />
212-->src/main/AndroidManifest.xml:193:13-67
213        <activity
213-->src/main/AndroidManifest.xml:194:9-196:51
214            android:name="com.mgs.carparking.ui.FeedbackRecordActivity"
214-->src/main/AndroidManifest.xml:195:13-72
215            android:screenOrientation="portrait" />
215-->src/main/AndroidManifest.xml:196:13-49
216        <activity
216-->src/main/AndroidManifest.xml:197:9-199:51
217            android:name="com.mgs.carparking.ui.ChannelFragment"
217-->src/main/AndroidManifest.xml:198:13-65
218            android:screenOrientation="portrait" />
218-->src/main/AndroidManifest.xml:199:13-49
219        <activity
219-->src/main/AndroidManifest.xml:200:9-202:51
220            android:name="com.mgs.carparking.ui.VideoMoreListActivity"
220-->src/main/AndroidManifest.xml:201:13-71
221            android:screenOrientation="portrait" />
221-->src/main/AndroidManifest.xml:202:13-49
222        <activity
222-->src/main/AndroidManifest.xml:203:9-205:51
223            android:name="com.mgs.carparking.ui.SettingActivity"
223-->src/main/AndroidManifest.xml:204:13-65
224            android:screenOrientation="portrait" />
224-->src/main/AndroidManifest.xml:205:13-49
225        <activity
225-->src/main/AndroidManifest.xml:206:9-208:51
226            android:name="com.mgs.carparking.ui.OrderListActivity"
226-->src/main/AndroidManifest.xml:207:13-67
227            android:screenOrientation="portrait" />
227-->src/main/AndroidManifest.xml:208:13-49
228        <activity
228-->src/main/AndroidManifest.xml:209:9-211:51
229            android:name="com.mgs.carparking.ui.LoginActivity"
229-->src/main/AndroidManifest.xml:210:13-63
230            android:screenOrientation="portrait" />
230-->src/main/AndroidManifest.xml:211:13-49
231        <activity
231-->src/main/AndroidManifest.xml:212:9-214:51
232            android:name="com.mgs.carparking.ui.EditMineActivity"
232-->src/main/AndroidManifest.xml:213:13-66
233            android:screenOrientation="portrait" />
233-->src/main/AndroidManifest.xml:214:13-49
234        <activity
234-->src/main/AndroidManifest.xml:215:9-217:51
235            android:name="com.mgs.carparking.ui.RegisterActivity"
235-->src/main/AndroidManifest.xml:216:13-66
236            android:screenOrientation="portrait" />
236-->src/main/AndroidManifest.xml:217:13-49
237        <activity
237-->src/main/AndroidManifest.xml:218:9-220:51
238            android:name="com.mgs.carparking.ui.DownloadActivity"
238-->src/main/AndroidManifest.xml:219:13-66
239            android:screenOrientation="portrait" />
239-->src/main/AndroidManifest.xml:220:13-49
240        <activity
240-->src/main/AndroidManifest.xml:221:9-223:51
241            android:name="com.mgs.carparking.ui.SpecialDetailNewActivity"
241-->src/main/AndroidManifest.xml:222:13-74
242            android:screenOrientation="portrait" />
242-->src/main/AndroidManifest.xml:223:13-49
243        <activity
243-->src/main/AndroidManifest.xml:224:9-226:51
244            android:name="com.mgs.carparking.ui.ExtensionRecordActivity"
244-->src/main/AndroidManifest.xml:225:13-73
245            android:screenOrientation="portrait" />
245-->src/main/AndroidManifest.xml:226:13-49
246        <activity
246-->src/main/AndroidManifest.xml:227:9-229:51
247            android:name="com.mgs.carparking.ui.ExtensionShareActivity"
247-->src/main/AndroidManifest.xml:228:13-72
248            android:screenOrientation="portrait" />
248-->src/main/AndroidManifest.xml:229:13-49
249        <activity
249-->src/main/AndroidManifest.xml:230:9-233:51
250            android:name="com.mgs.carparking.ui.SplashWxActivity"
250-->src/main/AndroidManifest.xml:232:13-66
251            android:screenOrientation="portrait"
251-->src/main/AndroidManifest.xml:233:13-49
252            android:theme="@style/AppTheme_Splash" />
252-->src/main/AndroidManifest.xml:231:13-51
253        <activity
253-->src/main/AndroidManifest.xml:234:9-236:51
254            android:name="com.mgs.carparking.ui.WebActivity"
254-->src/main/AndroidManifest.xml:235:13-61
255            android:screenOrientation="portrait" />
255-->src/main/AndroidManifest.xml:236:13-49
256        <activity
256-->src/main/AndroidManifest.xml:237:9-239:64
257            android:name="com.mgs.carparking.ui.GameActivity"
257-->src/main/AndroidManifest.xml:239:13-62
258            android:theme="@style/AppTheme_Splash" />
258-->src/main/AndroidManifest.xml:238:13-51
259        <activity
259-->src/main/AndroidManifest.xml:240:9-244:98
260            android:name="com.facebook.FacebookActivity"
260-->src/main/AndroidManifest.xml:243:13-57
261            android:configChanges="screenSize|screenLayout|orientation|keyboardHidden|keyboard"
261-->src/main/AndroidManifest.xml:244:13-96
262            android:label="@string/app_name"
262-->src/main/AndroidManifest.xml:242:13-45
263            android:theme="@style/com_facebook_activity_theme" />
263-->src/main/AndroidManifest.xml:241:13-63
264        <activity
264-->src/main/AndroidManifest.xml:245:9-262:20
265            android:name="com.facebook.CustomTabActivity"
265-->src/main/AndroidManifest.xml:246:13-58
266            android:exported="true" >
266-->src/main/AndroidManifest.xml:247:13-36
267            <intent-filter>
267-->src/main/AndroidManifest.xml:248:13-253:29
268                <action android:name="android.intent.action.VIEW" />
268-->src/main/AndroidManifest.xml:53:13-64
268-->src/main/AndroidManifest.xml:53:21-62
269
270                <category android:name="android.intent.category.DEFAULT" />
270-->src/main/AndroidManifest.xml:250:17-75
270-->src/main/AndroidManifest.xml:250:27-73
271                <category android:name="android.intent.category.BROWSABLE" />
271-->src/main/AndroidManifest.xml:54:13-73
271-->src/main/AndroidManifest.xml:54:23-71
272
273                <data android:scheme="fb648233874223417" />
273-->src/main/AndroidManifest.xml:55:13-43
273-->src/main/AndroidManifest.xml:55:19-41
274            </intent-filter>
275            <intent-filter>
275-->src/main/AndroidManifest.xml:254:13-261:29
276                <action android:name="android.intent.action.VIEW" />
276-->src/main/AndroidManifest.xml:53:13-64
276-->src/main/AndroidManifest.xml:53:21-62
277
278                <category android:name="android.intent.category.DEFAULT" />
278-->src/main/AndroidManifest.xml:250:17-75
278-->src/main/AndroidManifest.xml:250:27-73
279                <category android:name="android.intent.category.BROWSABLE" />
279-->src/main/AndroidManifest.xml:54:13-73
279-->src/main/AndroidManifest.xml:54:23-71
280
281                <data
281-->src/main/AndroidManifest.xml:55:13-43
282                    android:host="cct.com.cti.cinetvin"
282-->src/main/AndroidManifest.xml:260:21-56
283                    android:scheme="fbconnect" />
283-->src/main/AndroidManifest.xml:55:19-41
284            </intent-filter>
285        </activity>
286
287        <service android:name="com.android.cast.dlna.dmc.DLNACastService" />
287-->src/main/AndroidManifest.xml:263:9-76
287-->src/main/AndroidManifest.xml:263:18-74
288        <service android:name="com.android.cast.dlna.dmr.DLNARendererService" />
288-->src/main/AndroidManifest.xml:264:9-80
288-->src/main/AndroidManifest.xml:264:18-78
289        <service android:name="com.android.cast.dlna.dms.DLNAContentService" />
289-->src/main/AndroidManifest.xml:265:9-79
289-->src/main/AndroidManifest.xml:265:18-77
290
291        <meta-data
291-->src/main/AndroidManifest.xml:266:9-268:35
292            android:name="OKT_SDK_APP_ID"
292-->src/main/AndroidManifest.xml:267:13-42
293            android:value="1189" />
293-->src/main/AndroidManifest.xml:268:13-33
294        <meta-data
294-->src/main/AndroidManifest.xml:269:9-271:63
295            android:name="OKT_SDK_APP_KEY"
295-->src/main/AndroidManifest.xml:270:13-43
296            android:value="f3ca8eaeee5933b826463889992999df" />
296-->src/main/AndroidManifest.xml:271:13-61
297
298        <service
298-->src/main/AndroidManifest.xml:272:9-279:19
299            android:name="androidx.appcompat.app.AppLocalesMetadataHolderService"
299-->src/main/AndroidManifest.xml:273:13-82
300            android:enabled="false"
300-->src/main/AndroidManifest.xml:274:13-36
301            android:exported="false" >
301-->src/main/AndroidManifest.xml:275:13-37
302            <meta-data
302-->src/main/AndroidManifest.xml:276:13-278:39
303                android:name="autoStoreLocales"
303-->src/main/AndroidManifest.xml:277:17-48
304                android:value="true" />
304-->src/main/AndroidManifest.xml:278:17-37
305        </service>
306        <service android:name="com.yk.e.util.MainPreloadService" />
306-->src/main/AndroidManifest.xml:280:9-67
306-->src/main/AndroidManifest.xml:280:18-65
307        <service android:name="com.yk.e.util.MainCacheRefService" />
307-->src/main/AndroidManifest.xml:281:9-68
307-->src/main/AndroidManifest.xml:281:18-66
308        <service android:name="com.liulishuo.filedownloader.services.FileDownloadService$SharedMainProcessService" />
308-->src/main/AndroidManifest.xml:282:9-117
308-->src/main/AndroidManifest.xml:282:18-115
309        <service
309-->src/main/AndroidManifest.xml:283:9-285:48
310            android:name="com.liulishuo.filedownloader.services.FileDownloadService$SeparateProcessService"
310-->src/main/AndroidManifest.xml:284:13-108
311            android:process=":filedownloader" />
311-->src/main/AndroidManifest.xml:285:13-46
312
313        <activity
313-->src/main/AndroidManifest.xml:286:9-291:49
314            android:name="com.yk.e.activity.RewardVideoActivity"
314-->src/main/AndroidManifest.xml:288:13-65
315            android:configChanges="screenSize|orientation|keyboardHidden"
315-->src/main/AndroidManifest.xml:290:13-74
316            android:hardwareAccelerated="true"
316-->src/main/AndroidManifest.xml:291:13-47
317            android:launchMode="singleTask"
317-->src/main/AndroidManifest.xml:289:13-44
318            android:theme="@style/main_commom_theme" />
318-->src/main/AndroidManifest.xml:287:13-53
319        <activity